<?xml version="1.0" encoding="UTF-8"?>
<!-- Generated by org.testng.reporters.JUnitReportReporter -->
<testsuite hostname="LAPTOP-4JRKOLU9" name="runner.RunCuke" tests="2" failures="0" timestamp="21 Jul 2020 04:51:44 GMT" time="51.667" errors="0">
  <testcase name="feature" time="30.038" classname="runner.RunCuke"/>
  <testcase name="feature" time="21.629" classname="runner.RunCuke"/>
</testsuite> <!-- runner.RunCuke -->
